c:\users\lhofer\dropbox\school\prog 1\c projects\pc game\opengl framework\debug\vc140.pdb
c:\users\lhofer\dropbox\school\prog 1\c projects\pc game\opengl framework\debug\statemanager.obj
c:\users\lhofer\dropbox\school\prog 1\c projects\pc game\opengl framework\debug\sprite.obj
c:\users\lhofer\dropbox\school\prog 1\c projects\pc game\opengl framework\debug\soundmanager.obj
c:\users\lhofer\dropbox\school\prog 1\c projects\pc game\opengl framework\debug\screenmanager.obj
c:\users\lhofer\dropbox\school\prog 1\c projects\pc game\opengl framework\debug\random.obj
c:\users\lhofer\dropbox\school\prog 1\c projects\pc game\opengl framework\debug\playermanager.obj
c:\users\lhofer\dropbox\school\prog 1\c projects\pc game\opengl framework\debug\player.obj
c:\users\lhofer\dropbox\school\prog 1\c projects\pc game\opengl framework\debug\openglstuff.obj
c:\users\lhofer\dropbox\school\prog 1\c projects\pc game\opengl framework\debug\openglframework.obj
c:\users\lhofer\dropbox\school\prog 1\c projects\pc game\opengl framework\debug\object.obj
c:\users\lhofer\dropbox\school\prog 1\c projects\pc game\opengl framework\debug\keyprocess.obj
c:\users\lhofer\dropbox\school\prog 1\c projects\pc game\opengl framework\debug\game.obj
c:\users\lhofer\dropbox\school\prog 1\c projects\pc game\opengl framework\debug\opengl framework.ilk
c:\users\lhofer\dropbox\school\prog 1\c projects\pc game\opengl framework\debug\opengl framework.exe
c:\users\lhofer\dropbox\school\prog 1\c projects\pc game\opengl framework\debug\opengl framework.pdb
c:\users\lhofer\dropbox\school\prog 1\c projects\pc game\opengl framework\debug\opengl framework.tlog\cl.command.1.tlog
c:\users\lhofer\dropbox\school\prog 1\c projects\pc game\opengl framework\debug\opengl framework.tlog\cl.read.1.tlog
c:\users\lhofer\dropbox\school\prog 1\c projects\pc game\opengl framework\debug\opengl framework.tlog\cl.write.1.tlog
c:\users\lhofer\dropbox\school\prog 1\c projects\pc game\opengl framework\debug\opengl framework.tlog\link.command.1.tlog
c:\users\lhofer\dropbox\school\prog 1\c projects\pc game\opengl framework\debug\opengl framework.tlog\link.read.1.tlog
c:\users\lhofer\dropbox\school\prog 1\c projects\pc game\opengl framework\debug\opengl framework.tlog\link.write.1.tlog
